<?xml version="1.0" encoding="UTF-8"?>
<!-- Generated by org.testng.reporters.JUnitXMLReporter -->
<testsuite ignored="1" hostname="DESKTOP-9GGAELR" failures="0" tests="1" name="Default test" time="3.258" errors="0" timestamp="2024-03-25T20:12:38 CET">
  <testcase classname="com.fithub.services.auth.test.suites.ClientServiceTest" name="testSignUp_ValidDataProvided_ReturnsSignedUpClient" time="0.168"/>
  <testcase classname="com.fithub.services.auth.test.suites.ClientServiceTest" name="testSignUp_InvalidEmailProvided_ThrowsMethodArgumentNotValidException" time="0.0">
    <ignored/>
  </testcase> <!-- testSignUp_InvalidEmailProvided_ThrowsMethodArgumentNotValidException -->
</testsuite> <!-- Default test -->
