<?xml version="1.0" encoding="UTF-8"?>
<testng-results ignored="0" total="2" passed="2" failed="0" skipped="0">
  <reporter-output>
  </reporter-output>
  <suite started-at="2024-04-02T01:17:19 CEST" name="MealPlanServiceTestSuite" finished-at="2024-04-02T01:17:27 CEST" duration-ms="8018">
    <groups>
    </groups>
    <test started-at="2024-04-02T01:17:19 CEST" name="ClientService" finished-at="2024-04-02T01:17:27 CEST" duration-ms="7616">
      <class name="com.fithub.services.mealplan.test.suites.ClientServiceTest">
        <test-method is-config="true" signature="springTestContextBeforeTestClass()[pri:0, instance:com.fithub.services.mealplan.test.suites.ClientServiceTest@9ef8eb7]" started-at="2024-04-02T01:17:19 CEST" name="springTestContextBeforeTestClass" finished-at="2024-04-02T01:17:19 CEST" duration-ms="26" status="PASS">
          <reporter-output>
          </reporter-output>
        </test-method> <!-- springTestContextBeforeTestClass -->
        <test-method is-config="true" signature="springTestContextPrepareTestInstance()[pri:0, instance:com.fithub.services.mealplan.test.suites.ClientServiceTest@9ef8eb7]" started-at="2024-04-02T01:17:19 CEST" name="springTestContextPrepareTestInstance" finished-at="2024-04-02T01:17:24 CEST" depends-on-methods="org.springframework.test.context.testng.AbstractTestNGSpringContextTests.springTestContextBeforeTestClass" duration-ms="4733" status="PASS">
          <reporter-output>
          </reporter-output>
        </test-method> <!-- springTestContextPrepareTestInstance -->
        <test-method is-config="true" signature="springTestContextBeforeTestMethod(java.lang.reflect.Method)[pri:0, instance:com.fithub.services.mealplan.test.suites.ClientServiceTest@9ef8eb7]" started-at="2024-04-02T01:17:24 CEST" name="springTestContextBeforeTestMethod" finished-at="2024-04-02T01:17:25 CEST" duration-ms="1625" status="PASS">
          <params>
            <param index="0">
              <value>
                <![CDATA[public void com.fithub.services.mealplan.test.suites.ClientServiceTest.testGetMealPlan_ValidClientIdIsProvided_ReturnsMealPlan()]]>
              </value>
            </param>
          </params>
          <reporter-output>
          </reporter-output>
        </test-method> <!-- springTestContextBeforeTestMethod -->
        <test-method is-config="true" signature="beforeMethod()[pri:0, instance:com.fithub.services.mealplan.test.suites.ClientServiceTest@9ef8eb7]" started-at="2024-04-02T01:17:25 CEST" name="beforeMethod" finished-at="2024-04-02T01:17:26 CEST" duration-ms="835" status="PASS">
          <reporter-output>
          </reporter-output>
        </test-method> <!-- beforeMethod -->
        <test-method signature="testGetMealPlan_ValidClientIdIsProvided_ReturnsMealPlan()[pri:0, instance:com.fithub.services.mealplan.test.suites.ClientServiceTest@9ef8eb7]" started-at="2024-04-02T01:17:26 CEST" name="testGetMealPlan_ValidClientIdIsProvided_ReturnsMealPlan" finished-at="2024-04-02T01:17:26 CEST" duration-ms="233" status="PASS">
          <reporter-output>
          </reporter-output>
        </test-method> <!-- testGetMealPlan_ValidClientIdIsProvided_ReturnsMealPlan -->
        <test-method is-config="true" signature="springTestContextAfterTestMethod(java.lang.reflect.Method)[pri:0, instance:com.fithub.services.mealplan.test.suites.ClientServiceTest@9ef8eb7]" started-at="2024-04-02T01:17:26 CEST" name="springTestContextAfterTestMethod" finished-at="2024-04-02T01:17:27 CEST" duration-ms="46" status="PASS">
          <params>
            <param index="0">
              <value>
                <![CDATA[public void com.fithub.services.mealplan.test.suites.ClientServiceTest.testGetMealPlan_ValidClientIdIsProvided_ReturnsMealPlan()]]>
              </value>
            </param>
          </params>
          <reporter-output>
          </reporter-output>
        </test-method> <!-- springTestContextAfterTestMethod -->
        <test-method is-config="true" signature="springTestContextAfterTestClass()[pri:0, instance:com.fithub.services.mealplan.test.suites.ClientServiceTest@9ef8eb7]" started-at="2024-04-02T01:17:27 CEST" name="springTestContextAfterTestClass" finished-at="2024-04-02T01:17:27 CEST" duration-ms="9" status="PASS">
          <reporter-output>
          </reporter-output>
        </test-method> <!-- springTestContextAfterTestClass -->
      </class> <!-- com.fithub.services.mealplan.test.suites.ClientServiceTest -->
    </test> <!-- ClientService -->
    <test started-at="2024-04-02T01:17:27 CEST" name="CoachService" finished-at="2024-04-02T01:17:27 CEST" duration-ms="262">
      <class name="com.fithub.services.mealplan.test.suites.CoachServiceTest">
        <test-method is-config="true" signature="springTestContextBeforeTestClass()[pri:0, instance:com.fithub.services.mealplan.test.suites.CoachServiceTest@1d470d0]" started-at="2024-04-02T01:17:27 CEST" name="springTestContextBeforeTestClass" finished-at="2024-04-02T01:17:27 CEST" duration-ms="6" status="PASS">
          <reporter-output>
          </reporter-output>
        </test-method> <!-- springTestContextBeforeTestClass -->
        <test-method is-config="true" signature="springTestContextPrepareTestInstance()[pri:0, instance:com.fithub.services.mealplan.test.suites.CoachServiceTest@1d470d0]" started-at="2024-04-02T01:17:27 CEST" name="springTestContextPrepareTestInstance" finished-at="2024-04-02T01:17:27 CEST" depends-on-methods="org.springframework.test.context.testng.AbstractTestNGSpringContextTests.springTestContextBeforeTestClass" duration-ms="24" status="PASS">
          <reporter-output>
          </reporter-output>
        </test-method> <!-- springTestContextPrepareTestInstance -->
        <test-method is-config="true" signature="springTestContextBeforeTestMethod(java.lang.reflect.Method)[pri:0, instance:com.fithub.services.mealplan.test.suites.CoachServiceTest@1d470d0]" started-at="2024-04-02T01:17:27 CEST" name="springTestContextBeforeTestMethod" finished-at="2024-04-02T01:17:27 CEST" duration-ms="10" status="PASS">
          <params>
            <param index="0">
              <value>
                <![CDATA[public void com.fithub.services.mealplan.test.suites.CoachServiceTest.testGetCoachNameAndLastName_ValidUserIdIsProvided_ReturnsNameAndLastName()]]>
              </value>
            </param>
          </params>
          <reporter-output>
          </reporter-output>
        </test-method> <!-- springTestContextBeforeTestMethod -->
        <test-method is-config="true" signature="beforeMethod()[pri:0, instance:com.fithub.services.mealplan.test.suites.CoachServiceTest@1d470d0]" started-at="2024-04-02T01:17:27 CEST" name="beforeMethod" finished-at="2024-04-02T01:17:27 CEST" duration-ms="168" status="PASS">
          <reporter-output>
          </reporter-output>
        </test-method> <!-- beforeMethod -->
        <test-method signature="testGetCoachNameAndLastName_ValidUserIdIsProvided_ReturnsNameAndLastName()[pri:0, instance:com.fithub.services.mealplan.test.suites.CoachServiceTest@1d470d0]" started-at="2024-04-02T01:17:27 CEST" name="testGetCoachNameAndLastName_ValidUserIdIsProvided_ReturnsNameAndLastName" finished-at="2024-04-02T01:17:27 CEST" duration-ms="8" status="PASS">
          <reporter-output>
          </reporter-output>
        </test-method> <!-- testGetCoachNameAndLastName_ValidUserIdIsProvided_ReturnsNameAndLastName -->
        <test-method is-config="true" signature="springTestContextAfterTestMethod(java.lang.reflect.Method)[pri:0, instance:com.fithub.services.mealplan.test.suites.CoachServiceTest@1d470d0]" started-at="2024-04-02T01:17:27 CEST" name="springTestContextAfterTestMethod" finished-at="2024-04-02T01:17:27 CEST" duration-ms="15" status="PASS">
          <params>
            <param index="0">
              <value>
                <![CDATA[public void com.fithub.services.mealplan.test.suites.CoachServiceTest.testGetCoachNameAndLastName_ValidUserIdIsProvided_ReturnsNameAndLastName()]]>
              </value>
            </param>
          </params>
          <reporter-output>
          </reporter-output>
        </test-method> <!-- springTestContextAfterTestMethod -->
        <test-method is-config="true" signature="springTestContextAfterTestClass()[pri:0, instance:com.fithub.services.mealplan.test.suites.CoachServiceTest@1d470d0]" started-at="2024-04-02T01:17:27 CEST" name="springTestContextAfterTestClass" finished-at="2024-04-02T01:17:27 CEST" duration-ms="1" status="PASS">
          <reporter-output>
          </reporter-output>
        </test-method> <!-- springTestContextAfterTestClass -->
      </class> <!-- com.fithub.services.mealplan.test.suites.CoachServiceTest -->
    </test> <!-- CoachService -->
  </suite> <!-- MealPlanServiceTestSuite -->
</testng-results>
