<?xml version="1.0" encoding="UTF-8"?>
<!-- Generated by org.testng.reporters.JUnitXMLReporter -->
<testsuite ignored="0" hostname="DESKTOP-G6NDRKF" failures="0" tests="2" name="Default test" time="6.242" errors="0" timestamp="2024-04-04T13:56:46 CEST">
  <testcase classname="com.fithub.services.chat.test.suites.ChatroomServiceTest" name="testCreateNewChatroom_ChatroomForCoachAlreadyExists_ThrowsBadRequestException" time="0.164"/>
  <testcase classname="com.fithub.services.chat.test.suites.ChatroomServiceTest" name="testCreateNewChatroom_InvalidDataIsProvided_ThrowsException" time="0.017"/>
</testsuite> <!-- Default test -->
