<?xml version="1.0" encoding="UTF-8"?>
<!-- Generated by org.testng.reporters.JUnitXMLReporter -->
<testsuite ignored="1" hostname="DESKTOP-G6NDRKF" failures="0" tests="1" name="Default test" time="3.351" errors="0" timestamp="2024-03-28T20:19:06 CET">
  <testcase classname="com.fithub.services.chat.test.suites.ChatroomServiceTest" name="testGetMessages_ValidChatroomIdIsProvided_ReturnsMessages" time="0.115"/>
  <testcase classname="com.fithub.services.chat.test.suites.ChatroomServiceTest" name="testGetChatroomData_ValidChatroomIdIsProvided_ReturnsChatroomData" time="0.0">
    <ignored/>
  </testcase> <!-- testGetChatroomData_ValidChatroomIdIsProvided_ReturnsChatroomData -->
</testsuite> <!-- Default test -->
