<?xml version="1.0" encoding="UTF-8"?>
<testng-results ignored="0" total="1" passed="1" failed="0" skipped="0">
  <reporter-output>
  </reporter-output>
  <suite started-at="2024-03-25T20:12:34 CET" name="Default suite" finished-at="2024-03-25T20:12:38 CET" duration-ms="3258">
    <groups>
    </groups>
    <test started-at="2024-03-25T20:12:34 CET" name="Default test" finished-at="2024-03-25T20:12:38 CET" duration-ms="3258">
      <class name="com.fithub.services.auth.test.suites.ClientServiceTest">
        <test-method is-config="true" signature="springTestContextBeforeTestClass()[pri:0, instance:com.fithub.services.auth.test.suites.ClientServiceTest@3bcbb589]" started-at="2024-03-25T20:12:34 CET" name="springTestContextBeforeTestClass" finished-at="2024-03-25T20:12:34 CET" duration-ms="12" status="PASS">
          <reporter-output>
          </reporter-output>
        </test-method> <!-- springTestContextBeforeTestClass -->
        <test-method is-config="true" signature="springTestContextPrepareTestInstance()[pri:0, instance:com.fithub.services.auth.test.suites.ClientServiceTest@3bcbb589]" started-at="2024-03-25T20:12:34 CET" name="springTestContextPrepareTestInstance" finished-at="2024-03-25T20:12:36 CET" depends-on-methods="org.springframework.test.context.testng.AbstractTestNGSpringContextTests.springTestContextBeforeTestClass" duration-ms="2015" status="PASS">
          <reporter-output>
          </reporter-output>
        </test-method> <!-- springTestContextPrepareTestInstance -->
        <test-method is-config="true" signature="springTestContextBeforeTestMethod(java.lang.reflect.Method)[pri:0, instance:com.fithub.services.auth.test.suites.ClientServiceTest@3bcbb589]" started-at="2024-03-25T20:12:36 CET" name="springTestContextBeforeTestMethod" finished-at="2024-03-25T20:12:37 CET" duration-ms="811" status="PASS">
          <params>
            <param index="0">
              <value>
                <![CDATA[public void com.fithub.services.auth.test.suites.ClientServiceTest.testSignUp_ValidDataProvided_ReturnsSignedUpClient()]]>
              </value>
            </param>
          </params>
          <reporter-output>
          </reporter-output>
        </test-method> <!-- springTestContextBeforeTestMethod -->
        <test-method is-config="true" signature="beforeMethod()[pri:0, instance:com.fithub.services.auth.test.suites.ClientServiceTest@3bcbb589]" started-at="2024-03-25T20:12:37 CET" name="beforeMethod" finished-at="2024-03-25T20:12:38 CET" duration-ms="206" status="PASS">
          <reporter-output>
          </reporter-output>
        </test-method> <!-- beforeMethod -->
        <test-method signature="testSignUp_ValidDataProvided_ReturnsSignedUpClient()[pri:0, instance:com.fithub.services.auth.test.suites.ClientServiceTest@3bcbb589]" started-at="2024-03-25T20:12:38 CET" name="testSignUp_ValidDataProvided_ReturnsSignedUpClient" finished-at="2024-03-25T20:12:38 CET" duration-ms="168" status="PASS">
          <reporter-output>
          </reporter-output>
        </test-method> <!-- testSignUp_ValidDataProvided_ReturnsSignedUpClient -->
        <test-method is-config="true" signature="springTestContextAfterTestMethod(java.lang.reflect.Method)[pri:0, instance:com.fithub.services.auth.test.suites.ClientServiceTest@3bcbb589]" started-at="2024-03-25T20:12:38 CET" name="springTestContextAfterTestMethod" finished-at="2024-03-25T20:12:38 CET" duration-ms="5" status="PASS">
          <params>
            <param index="0">
              <value>
                <![CDATA[public void com.fithub.services.auth.test.suites.ClientServiceTest.testSignUp_ValidDataProvided_ReturnsSignedUpClient()]]>
              </value>
            </param>
          </params>
          <reporter-output>
          </reporter-output>
        </test-method> <!-- springTestContextAfterTestMethod -->
        <test-method is-config="true" signature="springTestContextAfterTestClass()[pri:0, instance:com.fithub.services.auth.test.suites.ClientServiceTest@3bcbb589]" started-at="2024-03-25T20:12:38 CET" name="springTestContextAfterTestClass" finished-at="2024-03-25T20:12:38 CET" duration-ms="1" status="PASS">
          <reporter-output>
          </reporter-output>
        </test-method> <!-- springTestContextAfterTestClass -->
      </class> <!-- com.fithub.services.auth.test.suites.ClientServiceTest -->
    </test> <!-- Default test -->
  </suite> <!-- Default suite -->
</testng-results>
