<?xml version="1.0" encoding="UTF-8"?>
<testng-results ignored="0" total="2" passed="2" failed="0" skipped="0">
  <reporter-output>
  </reporter-output>
  <suite started-at="2024-04-04T13:56:40 CEST" name="Default suite" finished-at="2024-04-04T13:56:46 CEST" duration-ms="6242">
    <groups>
    </groups>
    <test started-at="2024-04-04T13:56:40 CEST" name="Default test" finished-at="2024-04-04T13:56:46 CEST" duration-ms="6242">
      <class name="com.fithub.services.chat.test.suites.ChatroomServiceTest">
        <test-method is-config="true" signature="springTestContextBeforeTestClass()[pri:0, instance:com.fithub.services.chat.test.suites.ChatroomServiceTest@5aac4250]" started-at="2024-04-04T13:56:40 CEST" name="springTestContextBeforeTestClass" finished-at="2024-04-04T13:56:40 CEST" duration-ms="13" status="PASS">
          <reporter-output>
          </reporter-output>
        </test-method> <!-- springTestContextBeforeTestClass -->
        <test-method is-config="true" signature="springTestContextPrepareTestInstance()[pri:0, instance:com.fithub.services.chat.test.suites.ChatroomServiceTest@5aac4250]" started-at="2024-04-04T13:56:40 CEST" name="springTestContextPrepareTestInstance" finished-at="2024-04-04T13:56:45 CEST" depends-on-methods="org.springframework.test.context.testng.AbstractTestNGSpringContextTests.springTestContextBeforeTestClass" duration-ms="4557" status="PASS">
          <reporter-output>
          </reporter-output>
        </test-method> <!-- springTestContextPrepareTestInstance -->
        <test-method is-config="true" signature="springTestContextBeforeTestMethod(java.lang.reflect.Method)[pri:0, instance:com.fithub.services.chat.test.suites.ChatroomServiceTest@5aac4250]" started-at="2024-04-04T13:56:45 CEST" name="springTestContextBeforeTestMethod" finished-at="2024-04-04T13:56:46 CEST" duration-ms="932" status="PASS">
          <params>
            <param index="0">
              <value>
                <![CDATA[public void com.fithub.services.chat.test.suites.ChatroomServiceTest.testCreateNewChatroom_ChatroomForCoachAlreadyExists_ThrowsBadRequestException()]]>
              </value>
            </param>
          </params>
          <reporter-output>
          </reporter-output>
        </test-method> <!-- springTestContextBeforeTestMethod -->
        <test-method is-config="true" signature="beforeMethod()[pri:0, instance:com.fithub.services.chat.test.suites.ChatroomServiceTest@5aac4250]" started-at="2024-04-04T13:56:46 CEST" name="beforeMethod" finished-at="2024-04-04T13:56:46 CEST" duration-ms="485" status="PASS">
          <reporter-output>
          </reporter-output>
        </test-method> <!-- beforeMethod -->
        <test-method signature="testCreateNewChatroom_ChatroomForCoachAlreadyExists_ThrowsBadRequestException()[pri:0, instance:com.fithub.services.chat.test.suites.ChatroomServiceTest@5aac4250]" started-at="2024-04-04T13:56:46 CEST" name="testCreateNewChatroom_ChatroomForCoachAlreadyExists_ThrowsBadRequestException" finished-at="2024-04-04T13:56:46 CEST" duration-ms="164" status="PASS">
          <reporter-output>
          </reporter-output>
        </test-method> <!-- testCreateNewChatroom_ChatroomForCoachAlreadyExists_ThrowsBadRequestException -->
        <test-method is-config="true" signature="springTestContextAfterTestMethod(java.lang.reflect.Method)[pri:0, instance:com.fithub.services.chat.test.suites.ChatroomServiceTest@5aac4250]" started-at="2024-04-04T13:56:46 CEST" name="springTestContextAfterTestMethod" finished-at="2024-04-04T13:56:46 CEST" duration-ms="9" status="PASS">
          <params>
            <param index="0">
              <value>
                <![CDATA[public void com.fithub.services.chat.test.suites.ChatroomServiceTest.testCreateNewChatroom_ChatroomForCoachAlreadyExists_ThrowsBadRequestException()]]>
              </value>
            </param>
          </params>
          <reporter-output>
          </reporter-output>
        </test-method> <!-- springTestContextAfterTestMethod -->
        <test-method is-config="true" signature="springTestContextBeforeTestMethod(java.lang.reflect.Method)[pri:0, instance:com.fithub.services.chat.test.suites.ChatroomServiceTest@5aac4250]" started-at="2024-04-04T13:56:46 CEST" name="springTestContextBeforeTestMethod" finished-at="2024-04-04T13:56:46 CEST" duration-ms="5" status="PASS">
          <params>
            <param index="0">
              <value>
                <![CDATA[public void com.fithub.services.chat.test.suites.ChatroomServiceTest.testCreateNewChatroom_InvalidDataIsProvided_ThrowsException()]]>
              </value>
            </param>
          </params>
          <reporter-output>
          </reporter-output>
        </test-method> <!-- springTestContextBeforeTestMethod -->
        <test-method is-config="true" signature="beforeMethod()[pri:0, instance:com.fithub.services.chat.test.suites.ChatroomServiceTest@5aac4250]" started-at="2024-04-04T13:56:46 CEST" name="beforeMethod" finished-at="2024-04-04T13:56:46 CEST" duration-ms="7" status="PASS">
          <reporter-output>
          </reporter-output>
        </test-method> <!-- beforeMethod -->
        <test-method signature="testCreateNewChatroom_InvalidDataIsProvided_ThrowsException()[pri:0, instance:com.fithub.services.chat.test.suites.ChatroomServiceTest@5aac4250]" started-at="2024-04-04T13:56:46 CEST" name="testCreateNewChatroom_InvalidDataIsProvided_ThrowsException" finished-at="2024-04-04T13:56:46 CEST" duration-ms="17" status="PASS">
          <reporter-output>
          </reporter-output>
        </test-method> <!-- testCreateNewChatroom_InvalidDataIsProvided_ThrowsException -->
        <test-method is-config="true" signature="springTestContextAfterTestMethod(java.lang.reflect.Method)[pri:0, instance:com.fithub.services.chat.test.suites.ChatroomServiceTest@5aac4250]" started-at="2024-04-04T13:56:46 CEST" name="springTestContextAfterTestMethod" finished-at="2024-04-04T13:56:46 CEST" duration-ms="4" status="PASS">
          <params>
            <param index="0">
              <value>
                <![CDATA[public void com.fithub.services.chat.test.suites.ChatroomServiceTest.testCreateNewChatroom_InvalidDataIsProvided_ThrowsException()]]>
              </value>
            </param>
          </params>
          <reporter-output>
          </reporter-output>
        </test-method> <!-- springTestContextAfterTestMethod -->
        <test-method is-config="true" signature="springTestContextAfterTestClass()[pri:0, instance:com.fithub.services.chat.test.suites.ChatroomServiceTest@5aac4250]" started-at="2024-04-04T13:56:46 CEST" name="springTestContextAfterTestClass" finished-at="2024-04-04T13:56:46 CEST" duration-ms="2" status="PASS">
          <reporter-output>
          </reporter-output>
        </test-method> <!-- springTestContextAfterTestClass -->
      </class> <!-- com.fithub.services.chat.test.suites.ChatroomServiceTest -->
    </test> <!-- Default test -->
  </suite> <!-- Default suite -->
</testng-results>
