<?xml version="1.0" encoding="UTF-8"?>
<!-- Generated by org.testng.reporters.JUnitXMLReporter -->
<testsuite ignored="0" hostname="NEDZLA-LAPTOP" failures="0" tests="10" name="ClientService" time="8.091" errors="0" timestamp="2024-04-04T01:30:20 CEST">
  <testcase classname="org.springframework.test.context.testng.AbstractTestNGSpringContextTests" name="@BeforeClass springTestContextPrepareTestInstance" time="7.128">
    <failure type="org.springframework.beans.factory.UnsatisfiedDependencyException" message="Error creating bean with name &amp;apos;com.fithub.services.mealplan.test.suites.ClientServiceTest&amp;apos;: Unsatisfied dependency expressed through field &amp;apos;mealPlanMapper&amp;apos;: No qualifying bean of type &amp;apos;com.fithub.services.mealplan.mapper.MealPlanMapper&amp;apos; available: expected at least 1 bean which qualifies as autowire candidate. Dependency annotations: {@org.springframework.beans.factory.annotation.Autowired(required=true)}">
      <![CDATA[org.springframework.beans.factory.UnsatisfiedDependencyException: Error creating bean with name 'com.fithub.services.mealplan.test.suites.ClientServiceTest': Unsatisfied dependency expressed through field 'mealPlanMapper': No qualifying bean of type 'com.fithub.services.mealplan.mapper.MealPlanMapper' available: expected at least 1 bean which qualifies as autowire candidate. Dependency annotations: {@org.springframework.beans.factory.annotation.Autowired(required=true)}
at org.springframework.beans.factory.annotation.AutowiredAnnotationBeanPostProcessor$AutowiredFieldElement.resolveFieldValue(AutowiredAnnotationBeanPostProcessor.java:787)
at org.springframework.beans.factory.annotation.AutowiredAnnotationBeanPostProcessor$AutowiredFieldElement.inject(AutowiredAnnotationBeanPostProcessor.java:767)
at org.springframework.beans.factory.annotation.InjectionMetadata.inject(InjectionMetadata.java:145)
at org.springframework.beans.factory.annotation.AutowiredAnnotationBeanPostProcessor.postProcessProperties(AutowiredAnnotationBeanPostProcessor.java:508)
at org.springframework.beans.factory.support.AbstractAutowireCapableBeanFactory.populateBean(AbstractAutowireCapableBeanFactory.java:1419)
at org.springframework.beans.factory.support.AbstractAutowireCapableBeanFactory.autowireBeanProperties(AbstractAutowireCapableBeanFactory.java:398)
at org.springframework.test.context.support.DependencyInjectionTestExecutionListener.injectDependencies(DependencyInjectionTestExecutionListener.java:143)
at org.springframework.test.context.support.DependencyInjectionTestExecutionListener.prepareTestInstance(DependencyInjectionTestExecutionListener.java:98)
at org.springframework.test.context.TestContextManager.prepareTestInstance(TestContextManager.java:260)
at org.springframework.test.context.testng.AbstractTestNGSpringContextTests.springTestContextPrepareTestInstance(AbstractTestNGSpringContextTests.java:119)
at java.base/java.util.ArrayList.forEach(ArrayList.java:1511)
Caused by: org.springframework.beans.factory.NoSuchBeanDefinitionException: No qualifying bean of type 'com.fithub.services.mealplan.mapper.MealPlanMapper' available: expected at least 1 bean which qualifies as autowire candidate. Dependency annotations: {@org.springframework.beans.factory.annotation.Autowired(required=true)}
at org.springframework.beans.factory.support.DefaultListableBeanFactory.raiseNoMatchingBeanFound(DefaultListableBeanFactory.java:1880)
at org.springframework.beans.factory.support.DefaultListableBeanFactory.doResolveDependency(DefaultListableBeanFactory.java:1406)
at org.springframework.beans.factory.support.DefaultListableBeanFactory.resolveDependency(DefaultListableBeanFactory.java:1353)
at org.springframework.beans.factory.annotation.AutowiredAnnotationBeanPostProcessor$AutowiredFieldElement.resolveFieldValue(AutowiredAnnotationBeanPostProcessor.java:784)
... 35 more
... Removed 25 stack frames]]>
    </failure>
  </testcase> <!-- @BeforeClass springTestContextPrepareTestInstance -->
  <testcase classname="com.fithub.services.mealplan.test.suites.ClientServiceTest" name="@BeforeMethod beforeMethod" time="0.0">
    <skipped/>
  </testcase> <!-- @BeforeMethod beforeMethod -->
  <testcase classname="org.springframework.test.context.testng.AbstractTestNGSpringContextTests" name="@BeforeMethod springTestContextBeforeTestMethod" time="0.022">
    <failure type="org.springframework.beans.factory.UnsatisfiedDependencyException" message="Error creating bean with name &amp;apos;com.fithub.services.mealplan.test.suites.ClientServiceTest&amp;apos;: Unsatisfied dependency expressed through field &amp;apos;mealPlanMapper&amp;apos;: No qualifying bean of type &amp;apos;com.fithub.services.mealplan.mapper.MealPlanMapper&amp;apos; available: expected at least 1 bean which qualifies as autowire candidate. Dependency annotations: {@org.springframework.beans.factory.annotation.Autowired(required=true)}">
      <![CDATA[org.springframework.beans.factory.UnsatisfiedDependencyException: Error creating bean with name 'com.fithub.services.mealplan.test.suites.ClientServiceTest': Unsatisfied dependency expressed through field 'mealPlanMapper': No qualifying bean of type 'com.fithub.services.mealplan.mapper.MealPlanMapper' available: expected at least 1 bean which qualifies as autowire candidate. Dependency annotations: {@org.springframework.beans.factory.annotation.Autowired(required=true)}
at org.springframework.beans.factory.annotation.AutowiredAnnotationBeanPostProcessor$AutowiredFieldElement.resolveFieldValue(AutowiredAnnotationBeanPostProcessor.java:787)
at org.springframework.beans.factory.annotation.AutowiredAnnotationBeanPostProcessor$AutowiredFieldElement.inject(AutowiredAnnotationBeanPostProcessor.java:767)
at org.springframework.beans.factory.annotation.InjectionMetadata.inject(InjectionMetadata.java:145)
at org.springframework.beans.factory.annotation.AutowiredAnnotationBeanPostProcessor.postProcessProperties(AutowiredAnnotationBeanPostProcessor.java:508)
at org.springframework.beans.factory.support.AbstractAutowireCapableBeanFactory.populateBean(AbstractAutowireCapableBeanFactory.java:1419)
at org.springframework.beans.factory.support.AbstractAutowireCapableBeanFactory.autowireBeanProperties(AbstractAutowireCapableBeanFactory.java:398)
at org.springframework.test.context.support.DependencyInjectionTestExecutionListener.injectDependencies(DependencyInjectionTestExecutionListener.java:143)
at org.springframework.test.context.support.DependencyInjectionTestExecutionListener.beforeTestMethod(DependencyInjectionTestExecutionListener.java:122)
at org.springframework.test.context.TestContextManager.beforeTestMethod(TestContextManager.java:320)
at org.springframework.test.context.testng.AbstractTestNGSpringContextTests.springTestContextBeforeTestMethod(AbstractTestNGSpringContextTests.java:131)
at java.base/java.util.ArrayList.forEach(ArrayList.java:1511)
Caused by: org.springframework.beans.factory.NoSuchBeanDefinitionException: No qualifying bean of type 'com.fithub.services.mealplan.mapper.MealPlanMapper' available: expected at least 1 bean which qualifies as autowire candidate. Dependency annotations: {@org.springframework.beans.factory.annotation.Autowired(required=true)}
at org.springframework.beans.factory.support.DefaultListableBeanFactory.raiseNoMatchingBeanFound(DefaultListableBeanFactory.java:1880)
at org.springframework.beans.factory.support.DefaultListableBeanFactory.doResolveDependency(DefaultListableBeanFactory.java:1406)
at org.springframework.beans.factory.support.DefaultListableBeanFactory.resolveDependency(DefaultListableBeanFactory.java:1353)
at org.springframework.beans.factory.annotation.AutowiredAnnotationBeanPostProcessor$AutowiredFieldElement.resolveFieldValue(AutowiredAnnotationBeanPostProcessor.java:784)
... 41 more
... Removed 31 stack frames]]>
    </failure>
  </testcase> <!-- @BeforeMethod springTestContextBeforeTestMethod -->
  <testcase classname="com.fithub.services.mealplan.test.suites.ClientServiceTest" name="@BeforeMethod beforeMethod" time="0.0">
    <skipped/>
  </testcase> <!-- @BeforeMethod beforeMethod -->
  <testcase classname="org.springframework.test.context.testng.AbstractTestNGSpringContextTests" name="@BeforeMethod springTestContextBeforeTestMethod" time="0.021">
    <failure type="org.springframework.beans.factory.UnsatisfiedDependencyException" message="Error creating bean with name &amp;apos;com.fithub.services.mealplan.test.suites.ClientServiceTest&amp;apos;: Unsatisfied dependency expressed through field &amp;apos;mealPlanMapper&amp;apos;: No qualifying bean of type &amp;apos;com.fithub.services.mealplan.mapper.MealPlanMapper&amp;apos; available: expected at least 1 bean which qualifies as autowire candidate. Dependency annotations: {@org.springframework.beans.factory.annotation.Autowired(required=true)}">
      <![CDATA[org.springframework.beans.factory.UnsatisfiedDependencyException: Error creating bean with name 'com.fithub.services.mealplan.test.suites.ClientServiceTest': Unsatisfied dependency expressed through field 'mealPlanMapper': No qualifying bean of type 'com.fithub.services.mealplan.mapper.MealPlanMapper' available: expected at least 1 bean which qualifies as autowire candidate. Dependency annotations: {@org.springframework.beans.factory.annotation.Autowired(required=true)}
at org.springframework.beans.factory.annotation.AutowiredAnnotationBeanPostProcessor$AutowiredFieldElement.resolveFieldValue(AutowiredAnnotationBeanPostProcessor.java:787)
at org.springframework.beans.factory.annotation.AutowiredAnnotationBeanPostProcessor$AutowiredFieldElement.inject(AutowiredAnnotationBeanPostProcessor.java:767)
at org.springframework.beans.factory.annotation.InjectionMetadata.inject(InjectionMetadata.java:145)
at org.springframework.beans.factory.annotation.AutowiredAnnotationBeanPostProcessor.postProcessProperties(AutowiredAnnotationBeanPostProcessor.java:508)
at org.springframework.beans.factory.support.AbstractAutowireCapableBeanFactory.populateBean(AbstractAutowireCapableBeanFactory.java:1419)
at org.springframework.beans.factory.support.AbstractAutowireCapableBeanFactory.autowireBeanProperties(AbstractAutowireCapableBeanFactory.java:398)
at org.springframework.test.context.support.DependencyInjectionTestExecutionListener.injectDependencies(DependencyInjectionTestExecutionListener.java:143)
at org.springframework.test.context.support.DependencyInjectionTestExecutionListener.beforeTestMethod(DependencyInjectionTestExecutionListener.java:122)
at org.springframework.test.context.TestContextManager.beforeTestMethod(TestContextManager.java:320)
at org.springframework.test.context.testng.AbstractTestNGSpringContextTests.springTestContextBeforeTestMethod(AbstractTestNGSpringContextTests.java:131)
at java.base/java.util.ArrayList.forEach(ArrayList.java:1511)
Caused by: org.springframework.beans.factory.NoSuchBeanDefinitionException: No qualifying bean of type 'com.fithub.services.mealplan.mapper.MealPlanMapper' available: expected at least 1 bean which qualifies as autowire candidate. Dependency annotations: {@org.springframework.beans.factory.annotation.Autowired(required=true)}
at org.springframework.beans.factory.support.DefaultListableBeanFactory.raiseNoMatchingBeanFound(DefaultListableBeanFactory.java:1880)
at org.springframework.beans.factory.support.DefaultListableBeanFactory.doResolveDependency(DefaultListableBeanFactory.java:1406)
at org.springframework.beans.factory.support.DefaultListableBeanFactory.resolveDependency(DefaultListableBeanFactory.java:1353)
at org.springframework.beans.factory.annotation.AutowiredAnnotationBeanPostProcessor$AutowiredFieldElement.resolveFieldValue(AutowiredAnnotationBeanPostProcessor.java:784)
... 41 more
... Removed 31 stack frames]]>
    </failure>
  </testcase> <!-- @BeforeMethod springTestContextBeforeTestMethod -->
  <testcase classname="com.fithub.services.mealplan.test.suites.ClientServiceTest" name="@BeforeMethod beforeMethod" time="0.0">
    <skipped/>
  </testcase> <!-- @BeforeMethod beforeMethod -->
  <testcase classname="org.springframework.test.context.testng.AbstractTestNGSpringContextTests" name="@BeforeMethod springTestContextBeforeTestMethod" time="0.028">
    <failure type="org.springframework.beans.factory.UnsatisfiedDependencyException" message="Error creating bean with name &amp;apos;com.fithub.services.mealplan.test.suites.ClientServiceTest&amp;apos;: Unsatisfied dependency expressed through field &amp;apos;mealPlanMapper&amp;apos;: No qualifying bean of type &amp;apos;com.fithub.services.mealplan.mapper.MealPlanMapper&amp;apos; available: expected at least 1 bean which qualifies as autowire candidate. Dependency annotations: {@org.springframework.beans.factory.annotation.Autowired(required=true)}">
      <![CDATA[org.springframework.beans.factory.UnsatisfiedDependencyException: Error creating bean with name 'com.fithub.services.mealplan.test.suites.ClientServiceTest': Unsatisfied dependency expressed through field 'mealPlanMapper': No qualifying bean of type 'com.fithub.services.mealplan.mapper.MealPlanMapper' available: expected at least 1 bean which qualifies as autowire candidate. Dependency annotations: {@org.springframework.beans.factory.annotation.Autowired(required=true)}
at org.springframework.beans.factory.annotation.AutowiredAnnotationBeanPostProcessor$AutowiredFieldElement.resolveFieldValue(AutowiredAnnotationBeanPostProcessor.java:787)
at org.springframework.beans.factory.annotation.AutowiredAnnotationBeanPostProcessor$AutowiredFieldElement.inject(AutowiredAnnotationBeanPostProcessor.java:767)
at org.springframework.beans.factory.annotation.InjectionMetadata.inject(InjectionMetadata.java:145)
at org.springframework.beans.factory.annotation.AutowiredAnnotationBeanPostProcessor.postProcessProperties(AutowiredAnnotationBeanPostProcessor.java:508)
at org.springframework.beans.factory.support.AbstractAutowireCapableBeanFactory.populateBean(AbstractAutowireCapableBeanFactory.java:1419)
at org.springframework.beans.factory.support.AbstractAutowireCapableBeanFactory.autowireBeanProperties(AbstractAutowireCapableBeanFactory.java:398)
at org.springframework.test.context.support.DependencyInjectionTestExecutionListener.injectDependencies(DependencyInjectionTestExecutionListener.java:143)
at org.springframework.test.context.support.DependencyInjectionTestExecutionListener.beforeTestMethod(DependencyInjectionTestExecutionListener.java:122)
at org.springframework.test.context.TestContextManager.beforeTestMethod(TestContextManager.java:320)
at org.springframework.test.context.testng.AbstractTestNGSpringContextTests.springTestContextBeforeTestMethod(AbstractTestNGSpringContextTests.java:131)
at java.base/java.util.ArrayList.forEach(ArrayList.java:1511)
Caused by: org.springframework.beans.factory.NoSuchBeanDefinitionException: No qualifying bean of type 'com.fithub.services.mealplan.mapper.MealPlanMapper' available: expected at least 1 bean which qualifies as autowire candidate. Dependency annotations: {@org.springframework.beans.factory.annotation.Autowired(required=true)}
at org.springframework.beans.factory.support.DefaultListableBeanFactory.raiseNoMatchingBeanFound(DefaultListableBeanFactory.java:1880)
at org.springframework.beans.factory.support.DefaultListableBeanFactory.doResolveDependency(DefaultListableBeanFactory.java:1406)
at org.springframework.beans.factory.support.DefaultListableBeanFactory.resolveDependency(DefaultListableBeanFactory.java:1353)
at org.springframework.beans.factory.annotation.AutowiredAnnotationBeanPostProcessor$AutowiredFieldElement.resolveFieldValue(AutowiredAnnotationBeanPostProcessor.java:784)
... 41 more
... Removed 31 stack frames]]>
    </failure>
  </testcase> <!-- @BeforeMethod springTestContextBeforeTestMethod -->
  <testcase classname="com.fithub.services.mealplan.test.suites.ClientServiceTest" name="@BeforeMethod beforeMethod" time="0.0">
    <skipped/>
  </testcase> <!-- @BeforeMethod beforeMethod -->
  <testcase classname="org.springframework.test.context.testng.AbstractTestNGSpringContextTests" name="@BeforeMethod springTestContextBeforeTestMethod" time="0.046">
    <failure type="org.springframework.beans.factory.UnsatisfiedDependencyException" message="Error creating bean with name &amp;apos;com.fithub.services.mealplan.test.suites.ClientServiceTest&amp;apos;: Unsatisfied dependency expressed through field &amp;apos;mealPlanMapper&amp;apos;: No qualifying bean of type &amp;apos;com.fithub.services.mealplan.mapper.MealPlanMapper&amp;apos; available: expected at least 1 bean which qualifies as autowire candidate. Dependency annotations: {@org.springframework.beans.factory.annotation.Autowired(required=true)}">
      <![CDATA[org.springframework.beans.factory.UnsatisfiedDependencyException: Error creating bean with name 'com.fithub.services.mealplan.test.suites.ClientServiceTest': Unsatisfied dependency expressed through field 'mealPlanMapper': No qualifying bean of type 'com.fithub.services.mealplan.mapper.MealPlanMapper' available: expected at least 1 bean which qualifies as autowire candidate. Dependency annotations: {@org.springframework.beans.factory.annotation.Autowired(required=true)}
at org.springframework.beans.factory.annotation.AutowiredAnnotationBeanPostProcessor$AutowiredFieldElement.resolveFieldValue(AutowiredAnnotationBeanPostProcessor.java:787)
at org.springframework.beans.factory.annotation.AutowiredAnnotationBeanPostProcessor$AutowiredFieldElement.inject(AutowiredAnnotationBeanPostProcessor.java:767)
at org.springframework.beans.factory.annotation.InjectionMetadata.inject(InjectionMetadata.java:145)
at org.springframework.beans.factory.annotation.AutowiredAnnotationBeanPostProcessor.postProcessProperties(AutowiredAnnotationBeanPostProcessor.java:508)
at org.springframework.beans.factory.support.AbstractAutowireCapableBeanFactory.populateBean(AbstractAutowireCapableBeanFactory.java:1419)
at org.springframework.beans.factory.support.AbstractAutowireCapableBeanFactory.autowireBeanProperties(AbstractAutowireCapableBeanFactory.java:398)
at org.springframework.test.context.support.DependencyInjectionTestExecutionListener.injectDependencies(DependencyInjectionTestExecutionListener.java:143)
at org.springframework.test.context.support.DependencyInjectionTestExecutionListener.beforeTestMethod(DependencyInjectionTestExecutionListener.java:122)
at org.springframework.test.context.TestContextManager.beforeTestMethod(TestContextManager.java:320)
at org.springframework.test.context.testng.AbstractTestNGSpringContextTests.springTestContextBeforeTestMethod(AbstractTestNGSpringContextTests.java:131)
at java.base/java.util.ArrayList.forEach(ArrayList.java:1511)
Caused by: org.springframework.beans.factory.NoSuchBeanDefinitionException: No qualifying bean of type 'com.fithub.services.mealplan.mapper.MealPlanMapper' available: expected at least 1 bean which qualifies as autowire candidate. Dependency annotations: {@org.springframework.beans.factory.annotation.Autowired(required=true)}
at org.springframework.beans.factory.support.DefaultListableBeanFactory.raiseNoMatchingBeanFound(DefaultListableBeanFactory.java:1880)
at org.springframework.beans.factory.support.DefaultListableBeanFactory.doResolveDependency(DefaultListableBeanFactory.java:1406)
at org.springframework.beans.factory.support.DefaultListableBeanFactory.resolveDependency(DefaultListableBeanFactory.java:1353)
at org.springframework.beans.factory.annotation.AutowiredAnnotationBeanPostProcessor$AutowiredFieldElement.resolveFieldValue(AutowiredAnnotationBeanPostProcessor.java:784)
... 41 more
... Removed 31 stack frames]]>
    </failure>
  </testcase> <!-- @BeforeMethod springTestContextBeforeTestMethod -->
  <testcase classname="com.fithub.services.mealplan.test.suites.ClientServiceTest" name="@BeforeMethod beforeMethod" time="0.0">
    <skipped/>
  </testcase> <!-- @BeforeMethod beforeMethod -->
  <testcase classname="org.springframework.test.context.testng.AbstractTestNGSpringContextTests" name="@BeforeMethod springTestContextBeforeTestMethod" time="0.091">
    <failure type="org.springframework.beans.factory.UnsatisfiedDependencyException" message="Error creating bean with name &amp;apos;com.fithub.services.mealplan.test.suites.ClientServiceTest&amp;apos;: Unsatisfied dependency expressed through field &amp;apos;mealPlanMapper&amp;apos;: No qualifying bean of type &amp;apos;com.fithub.services.mealplan.mapper.MealPlanMapper&amp;apos; available: expected at least 1 bean which qualifies as autowire candidate. Dependency annotations: {@org.springframework.beans.factory.annotation.Autowired(required=true)}">
      <![CDATA[org.springframework.beans.factory.UnsatisfiedDependencyException: Error creating bean with name 'com.fithub.services.mealplan.test.suites.ClientServiceTest': Unsatisfied dependency expressed through field 'mealPlanMapper': No qualifying bean of type 'com.fithub.services.mealplan.mapper.MealPlanMapper' available: expected at least 1 bean which qualifies as autowire candidate. Dependency annotations: {@org.springframework.beans.factory.annotation.Autowired(required=true)}
at org.springframework.beans.factory.annotation.AutowiredAnnotationBeanPostProcessor$AutowiredFieldElement.resolveFieldValue(AutowiredAnnotationBeanPostProcessor.java:787)
at org.springframework.beans.factory.annotation.AutowiredAnnotationBeanPostProcessor$AutowiredFieldElement.inject(AutowiredAnnotationBeanPostProcessor.java:767)
at org.springframework.beans.factory.annotation.InjectionMetadata.inject(InjectionMetadata.java:145)
at org.springframework.beans.factory.annotation.AutowiredAnnotationBeanPostProcessor.postProcessProperties(AutowiredAnnotationBeanPostProcessor.java:508)
at org.springframework.beans.factory.support.AbstractAutowireCapableBeanFactory.populateBean(AbstractAutowireCapableBeanFactory.java:1419)
at org.springframework.beans.factory.support.AbstractAutowireCapableBeanFactory.autowireBeanProperties(AbstractAutowireCapableBeanFactory.java:398)
at org.springframework.test.context.support.DependencyInjectionTestExecutionListener.injectDependencies(DependencyInjectionTestExecutionListener.java:143)
at org.springframework.test.context.support.DependencyInjectionTestExecutionListener.beforeTestMethod(DependencyInjectionTestExecutionListener.java:122)
at org.springframework.test.context.TestContextManager.beforeTestMethod(TestContextManager.java:320)
at org.springframework.test.context.testng.AbstractTestNGSpringContextTests.springTestContextBeforeTestMethod(AbstractTestNGSpringContextTests.java:131)
at java.base/java.util.ArrayList.forEach(ArrayList.java:1511)
Caused by: org.springframework.beans.factory.NoSuchBeanDefinitionException: No qualifying bean of type 'com.fithub.services.mealplan.mapper.MealPlanMapper' available: expected at least 1 bean which qualifies as autowire candidate. Dependency annotations: {@org.springframework.beans.factory.annotation.Autowired(required=true)}
at org.springframework.beans.factory.support.DefaultListableBeanFactory.raiseNoMatchingBeanFound(DefaultListableBeanFactory.java:1880)
at org.springframework.beans.factory.support.DefaultListableBeanFactory.doResolveDependency(DefaultListableBeanFactory.java:1406)
at org.springframework.beans.factory.support.DefaultListableBeanFactory.resolveDependency(DefaultListableBeanFactory.java:1353)
at org.springframework.beans.factory.annotation.AutowiredAnnotationBeanPostProcessor$AutowiredFieldElement.resolveFieldValue(AutowiredAnnotationBeanPostProcessor.java:784)
... 41 more
... Removed 31 stack frames]]>
    </failure>
  </testcase> <!-- @BeforeMethod springTestContextBeforeTestMethod -->
  <testcase classname="com.fithub.services.mealplan.test.suites.ClientServiceTest" name="@BeforeMethod beforeMethod" time="0.0">
    <skipped/>
  </testcase> <!-- @BeforeMethod beforeMethod -->
  <testcase classname="org.springframework.test.context.testng.AbstractTestNGSpringContextTests" name="@BeforeMethod springTestContextBeforeTestMethod" time="0.039">
    <failure type="org.springframework.beans.factory.UnsatisfiedDependencyException" message="Error creating bean with name &amp;apos;com.fithub.services.mealplan.test.suites.ClientServiceTest&amp;apos;: Unsatisfied dependency expressed through field &amp;apos;mealPlanMapper&amp;apos;: No qualifying bean of type &amp;apos;com.fithub.services.mealplan.mapper.MealPlanMapper&amp;apos; available: expected at least 1 bean which qualifies as autowire candidate. Dependency annotations: {@org.springframework.beans.factory.annotation.Autowired(required=true)}">
      <![CDATA[org.springframework.beans.factory.UnsatisfiedDependencyException: Error creating bean with name 'com.fithub.services.mealplan.test.suites.ClientServiceTest': Unsatisfied dependency expressed through field 'mealPlanMapper': No qualifying bean of type 'com.fithub.services.mealplan.mapper.MealPlanMapper' available: expected at least 1 bean which qualifies as autowire candidate. Dependency annotations: {@org.springframework.beans.factory.annotation.Autowired(required=true)}
at org.springframework.beans.factory.annotation.AutowiredAnnotationBeanPostProcessor$AutowiredFieldElement.resolveFieldValue(AutowiredAnnotationBeanPostProcessor.java:787)
at org.springframework.beans.factory.annotation.AutowiredAnnotationBeanPostProcessor$AutowiredFieldElement.inject(AutowiredAnnotationBeanPostProcessor.java:767)
at org.springframework.beans.factory.annotation.InjectionMetadata.inject(InjectionMetadata.java:145)
at org.springframework.beans.factory.annotation.AutowiredAnnotationBeanPostProcessor.postProcessProperties(AutowiredAnnotationBeanPostProcessor.java:508)
at org.springframework.beans.factory.support.AbstractAutowireCapableBeanFactory.populateBean(AbstractAutowireCapableBeanFactory.java:1419)
at org.springframework.beans.factory.support.AbstractAutowireCapableBeanFactory.autowireBeanProperties(AbstractAutowireCapableBeanFactory.java:398)
at org.springframework.test.context.support.DependencyInjectionTestExecutionListener.injectDependencies(DependencyInjectionTestExecutionListener.java:143)
at org.springframework.test.context.support.DependencyInjectionTestExecutionListener.beforeTestMethod(DependencyInjectionTestExecutionListener.java:122)
at org.springframework.test.context.TestContextManager.beforeTestMethod(TestContextManager.java:320)
at org.springframework.test.context.testng.AbstractTestNGSpringContextTests.springTestContextBeforeTestMethod(AbstractTestNGSpringContextTests.java:131)
at java.base/java.util.ArrayList.forEach(ArrayList.java:1511)
Caused by: org.springframework.beans.factory.NoSuchBeanDefinitionException: No qualifying bean of type 'com.fithub.services.mealplan.mapper.MealPlanMapper' available: expected at least 1 bean which qualifies as autowire candidate. Dependency annotations: {@org.springframework.beans.factory.annotation.Autowired(required=true)}
at org.springframework.beans.factory.support.DefaultListableBeanFactory.raiseNoMatchingBeanFound(DefaultListableBeanFactory.java:1880)
at org.springframework.beans.factory.support.DefaultListableBeanFactory.doResolveDependency(DefaultListableBeanFactory.java:1406)
at org.springframework.beans.factory.support.DefaultListableBeanFactory.resolveDependency(DefaultListableBeanFactory.java:1353)
at org.springframework.beans.factory.annotation.AutowiredAnnotationBeanPostProcessor$AutowiredFieldElement.resolveFieldValue(AutowiredAnnotationBeanPostProcessor.java:784)
... 41 more
... Removed 31 stack frames]]>
    </failure>
  </testcase> <!-- @BeforeMethod springTestContextBeforeTestMethod -->
  <testcase classname="com.fithub.services.mealplan.test.suites.ClientServiceTest" name="@BeforeMethod beforeMethod" time="0.0">
    <skipped/>
  </testcase> <!-- @BeforeMethod beforeMethod -->
  <testcase classname="org.springframework.test.context.testng.AbstractTestNGSpringContextTests" name="@BeforeMethod springTestContextBeforeTestMethod" time="0.015">
    <failure type="org.springframework.beans.factory.UnsatisfiedDependencyException" message="Error creating bean with name &amp;apos;com.fithub.services.mealplan.test.suites.ClientServiceTest&amp;apos;: Unsatisfied dependency expressed through field &amp;apos;mealPlanMapper&amp;apos;: No qualifying bean of type &amp;apos;com.fithub.services.mealplan.mapper.MealPlanMapper&amp;apos; available: expected at least 1 bean which qualifies as autowire candidate. Dependency annotations: {@org.springframework.beans.factory.annotation.Autowired(required=true)}">
      <![CDATA[org.springframework.beans.factory.UnsatisfiedDependencyException: Error creating bean with name 'com.fithub.services.mealplan.test.suites.ClientServiceTest': Unsatisfied dependency expressed through field 'mealPlanMapper': No qualifying bean of type 'com.fithub.services.mealplan.mapper.MealPlanMapper' available: expected at least 1 bean which qualifies as autowire candidate. Dependency annotations: {@org.springframework.beans.factory.annotation.Autowired(required=true)}
at org.springframework.beans.factory.annotation.AutowiredAnnotationBeanPostProcessor$AutowiredFieldElement.resolveFieldValue(AutowiredAnnotationBeanPostProcessor.java:787)
at org.springframework.beans.factory.annotation.AutowiredAnnotationBeanPostProcessor$AutowiredFieldElement.inject(AutowiredAnnotationBeanPostProcessor.java:767)
at org.springframework.beans.factory.annotation.InjectionMetadata.inject(InjectionMetadata.java:145)
at org.springframework.beans.factory.annotation.AutowiredAnnotationBeanPostProcessor.postProcessProperties(AutowiredAnnotationBeanPostProcessor.java:508)
at org.springframework.beans.factory.support.AbstractAutowireCapableBeanFactory.populateBean(AbstractAutowireCapableBeanFactory.java:1419)
at org.springframework.beans.factory.support.AbstractAutowireCapableBeanFactory.autowireBeanProperties(AbstractAutowireCapableBeanFactory.java:398)
at org.springframework.test.context.support.DependencyInjectionTestExecutionListener.injectDependencies(DependencyInjectionTestExecutionListener.java:143)
at org.springframework.test.context.support.DependencyInjectionTestExecutionListener.beforeTestMethod(DependencyInjectionTestExecutionListener.java:122)
at org.springframework.test.context.TestContextManager.beforeTestMethod(TestContextManager.java:320)
at org.springframework.test.context.testng.AbstractTestNGSpringContextTests.springTestContextBeforeTestMethod(AbstractTestNGSpringContextTests.java:131)
at java.base/java.util.ArrayList.forEach(ArrayList.java:1511)
Caused by: org.springframework.beans.factory.NoSuchBeanDefinitionException: No qualifying bean of type 'com.fithub.services.mealplan.mapper.MealPlanMapper' available: expected at least 1 bean which qualifies as autowire candidate. Dependency annotations: {@org.springframework.beans.factory.annotation.Autowired(required=true)}
at org.springframework.beans.factory.support.DefaultListableBeanFactory.raiseNoMatchingBeanFound(DefaultListableBeanFactory.java:1880)
at org.springframework.beans.factory.support.DefaultListableBeanFactory.doResolveDependency(DefaultListableBeanFactory.java:1406)
at org.springframework.beans.factory.support.DefaultListableBeanFactory.resolveDependency(DefaultListableBeanFactory.java:1353)
at org.springframework.beans.factory.annotation.AutowiredAnnotationBeanPostProcessor$AutowiredFieldElement.resolveFieldValue(AutowiredAnnotationBeanPostProcessor.java:784)
... 41 more
... Removed 31 stack frames]]>
    </failure>
  </testcase> <!-- @BeforeMethod springTestContextBeforeTestMethod -->
  <testcase classname="com.fithub.services.mealplan.test.suites.ClientServiceTest" name="@BeforeMethod beforeMethod" time="0.0">
    <skipped/>
  </testcase> <!-- @BeforeMethod beforeMethod -->
  <testcase classname="org.springframework.test.context.testng.AbstractTestNGSpringContextTests" name="@BeforeMethod springTestContextBeforeTestMethod" time="0.02">
    <failure type="org.springframework.beans.factory.UnsatisfiedDependencyException" message="Error creating bean with name &amp;apos;com.fithub.services.mealplan.test.suites.ClientServiceTest&amp;apos;: Unsatisfied dependency expressed through field &amp;apos;mealPlanMapper&amp;apos;: No qualifying bean of type &amp;apos;com.fithub.services.mealplan.mapper.MealPlanMapper&amp;apos; available: expected at least 1 bean which qualifies as autowire candidate. Dependency annotations: {@org.springframework.beans.factory.annotation.Autowired(required=true)}">
      <![CDATA[org.springframework.beans.factory.UnsatisfiedDependencyException: Error creating bean with name 'com.fithub.services.mealplan.test.suites.ClientServiceTest': Unsatisfied dependency expressed through field 'mealPlanMapper': No qualifying bean of type 'com.fithub.services.mealplan.mapper.MealPlanMapper' available: expected at least 1 bean which qualifies as autowire candidate. Dependency annotations: {@org.springframework.beans.factory.annotation.Autowired(required=true)}
at org.springframework.beans.factory.annotation.AutowiredAnnotationBeanPostProcessor$AutowiredFieldElement.resolveFieldValue(AutowiredAnnotationBeanPostProcessor.java:787)
at org.springframework.beans.factory.annotation.AutowiredAnnotationBeanPostProcessor$AutowiredFieldElement.inject(AutowiredAnnotationBeanPostProcessor.java:767)
at org.springframework.beans.factory.annotation.InjectionMetadata.inject(InjectionMetadata.java:145)
at org.springframework.beans.factory.annotation.AutowiredAnnotationBeanPostProcessor.postProcessProperties(AutowiredAnnotationBeanPostProcessor.java:508)
at org.springframework.beans.factory.support.AbstractAutowireCapableBeanFactory.populateBean(AbstractAutowireCapableBeanFactory.java:1419)
at org.springframework.beans.factory.support.AbstractAutowireCapableBeanFactory.autowireBeanProperties(AbstractAutowireCapableBeanFactory.java:398)
at org.springframework.test.context.support.DependencyInjectionTestExecutionListener.injectDependencies(DependencyInjectionTestExecutionListener.java:143)
at org.springframework.test.context.support.DependencyInjectionTestExecutionListener.beforeTestMethod(DependencyInjectionTestExecutionListener.java:122)
at org.springframework.test.context.TestContextManager.beforeTestMethod(TestContextManager.java:320)
at org.springframework.test.context.testng.AbstractTestNGSpringContextTests.springTestContextBeforeTestMethod(AbstractTestNGSpringContextTests.java:131)
at java.base/java.util.ArrayList.forEach(ArrayList.java:1511)
Caused by: org.springframework.beans.factory.NoSuchBeanDefinitionException: No qualifying bean of type 'com.fithub.services.mealplan.mapper.MealPlanMapper' available: expected at least 1 bean which qualifies as autowire candidate. Dependency annotations: {@org.springframework.beans.factory.annotation.Autowired(required=true)}
at org.springframework.beans.factory.support.DefaultListableBeanFactory.raiseNoMatchingBeanFound(DefaultListableBeanFactory.java:1880)
at org.springframework.beans.factory.support.DefaultListableBeanFactory.doResolveDependency(DefaultListableBeanFactory.java:1406)
at org.springframework.beans.factory.support.DefaultListableBeanFactory.resolveDependency(DefaultListableBeanFactory.java:1353)
at org.springframework.beans.factory.annotation.AutowiredAnnotationBeanPostProcessor$AutowiredFieldElement.resolveFieldValue(AutowiredAnnotationBeanPostProcessor.java:784)
... 41 more
... Removed 31 stack frames]]>
    </failure>
  </testcase> <!-- @BeforeMethod springTestContextBeforeTestMethod -->
  <testcase classname="com.fithub.services.mealplan.test.suites.ClientServiceTest" name="@BeforeMethod beforeMethod" time="0.0">
    <skipped/>
  </testcase> <!-- @BeforeMethod beforeMethod -->
  <testcase classname="org.springframework.test.context.testng.AbstractTestNGSpringContextTests" name="@BeforeMethod springTestContextBeforeTestMethod" time="0.041">
    <failure type="org.springframework.beans.factory.UnsatisfiedDependencyException" message="Error creating bean with name &amp;apos;com.fithub.services.mealplan.test.suites.ClientServiceTest&amp;apos;: Unsatisfied dependency expressed through field &amp;apos;mealPlanMapper&amp;apos;: No qualifying bean of type &amp;apos;com.fithub.services.mealplan.mapper.MealPlanMapper&amp;apos; available: expected at least 1 bean which qualifies as autowire candidate. Dependency annotations: {@org.springframework.beans.factory.annotation.Autowired(required=true)}">
      <![CDATA[org.springframework.beans.factory.UnsatisfiedDependencyException: Error creating bean with name 'com.fithub.services.mealplan.test.suites.ClientServiceTest': Unsatisfied dependency expressed through field 'mealPlanMapper': No qualifying bean of type 'com.fithub.services.mealplan.mapper.MealPlanMapper' available: expected at least 1 bean which qualifies as autowire candidate. Dependency annotations: {@org.springframework.beans.factory.annotation.Autowired(required=true)}
at org.springframework.beans.factory.annotation.AutowiredAnnotationBeanPostProcessor$AutowiredFieldElement.resolveFieldValue(AutowiredAnnotationBeanPostProcessor.java:787)
at org.springframework.beans.factory.annotation.AutowiredAnnotationBeanPostProcessor$AutowiredFieldElement.inject(AutowiredAnnotationBeanPostProcessor.java:767)
at org.springframework.beans.factory.annotation.InjectionMetadata.inject(InjectionMetadata.java:145)
at org.springframework.beans.factory.annotation.AutowiredAnnotationBeanPostProcessor.postProcessProperties(AutowiredAnnotationBeanPostProcessor.java:508)
at org.springframework.beans.factory.support.AbstractAutowireCapableBeanFactory.populateBean(AbstractAutowireCapableBeanFactory.java:1419)
at org.springframework.beans.factory.support.AbstractAutowireCapableBeanFactory.autowireBeanProperties(AbstractAutowireCapableBeanFactory.java:398)
at org.springframework.test.context.support.DependencyInjectionTestExecutionListener.injectDependencies(DependencyInjectionTestExecutionListener.java:143)
at org.springframework.test.context.support.DependencyInjectionTestExecutionListener.beforeTestMethod(DependencyInjectionTestExecutionListener.java:122)
at org.springframework.test.context.TestContextManager.beforeTestMethod(TestContextManager.java:320)
at org.springframework.test.context.testng.AbstractTestNGSpringContextTests.springTestContextBeforeTestMethod(AbstractTestNGSpringContextTests.java:131)
at java.base/java.util.ArrayList.forEach(ArrayList.java:1511)
Caused by: org.springframework.beans.factory.NoSuchBeanDefinitionException: No qualifying bean of type 'com.fithub.services.mealplan.mapper.MealPlanMapper' available: expected at least 1 bean which qualifies as autowire candidate. Dependency annotations: {@org.springframework.beans.factory.annotation.Autowired(required=true)}
at org.springframework.beans.factory.support.DefaultListableBeanFactory.raiseNoMatchingBeanFound(DefaultListableBeanFactory.java:1880)
at org.springframework.beans.factory.support.DefaultListableBeanFactory.doResolveDependency(DefaultListableBeanFactory.java:1406)
at org.springframework.beans.factory.support.DefaultListableBeanFactory.resolveDependency(DefaultListableBeanFactory.java:1353)
at org.springframework.beans.factory.annotation.AutowiredAnnotationBeanPostProcessor$AutowiredFieldElement.resolveFieldValue(AutowiredAnnotationBeanPostProcessor.java:784)
... 41 more
... Removed 31 stack frames]]>
    </failure>
  </testcase> <!-- @BeforeMethod springTestContextBeforeTestMethod -->
  <testcase classname="com.fithub.services.mealplan.test.suites.ClientServiceTest" name="@BeforeMethod beforeMethod" time="0.0">
    <skipped/>
  </testcase> <!-- @BeforeMethod beforeMethod -->
  <testcase classname="com.fithub.services.mealplan.test.suites.ClientServiceTest" name="testGetClientNameAndLastName_EmptyUserId_ReturnsNotFoundException" time="0.001">
    <skipped/>
  </testcase> <!-- testGetClientNameAndLastName_EmptyUserId_ReturnsNotFoundException -->
  <testcase classname="com.fithub.services.mealplan.test.suites.ClientServiceTest" name="testGetClientNameAndLastName_InvalidUserId_ReturnsNotFoundException" time="0.0">
    <skipped/>
  </testcase> <!-- testGetClientNameAndLastName_InvalidUserId_ReturnsNotFoundException -->
  <testcase classname="com.fithub.services.mealplan.test.suites.ClientServiceTest" name="testGetClientNameAndLastName_NullUserId_ReturnsNotFoundException" time="0.001">
    <skipped/>
  </testcase> <!-- testGetClientNameAndLastName_NullUserId_ReturnsNotFoundException -->
  <testcase classname="com.fithub.services.mealplan.test.suites.ClientServiceTest" name="testGetClientNameAndLastName_ValidUserIdIsProvided_ReturnsNameAndLastName" time="0.0">
    <skipped/>
  </testcase> <!-- testGetClientNameAndLastName_ValidUserIdIsProvided_ReturnsNameAndLastName -->
  <testcase classname="com.fithub.services.mealplan.test.suites.ClientServiceTest" name="testGetDailyMealPlanByClientId_InvalidClientId_ReturnsNotFoundException" time="0.0">
    <skipped/>
  </testcase> <!-- testGetDailyMealPlanByClientId_InvalidClientId_ReturnsNotFoundException -->
  <testcase classname="com.fithub.services.mealplan.test.suites.ClientServiceTest" name="testGetMealPlan_EmptyClientId_ReturnsNotFoundException" time="0.001">
    <skipped/>
  </testcase> <!-- testGetMealPlan_EmptyClientId_ReturnsNotFoundException -->
  <testcase classname="com.fithub.services.mealplan.test.suites.ClientServiceTest" name="testGetMealPlan_InvalidClientId_ReturnsNotFoundException" time="0.0">
    <skipped/>
  </testcase> <!-- testGetMealPlan_InvalidClientId_ReturnsNotFoundException -->
  <testcase classname="com.fithub.services.mealplan.test.suites.ClientServiceTest" name="testGetMealPlan_NullClientId_ReturnsNotFoundException" time="0.0">
    <skipped/>
  </testcase> <!-- testGetMealPlan_NullClientId_ReturnsNotFoundException -->
  <testcase classname="com.fithub.services.mealplan.test.suites.ClientServiceTest" name="testGetMealPlan_ValidClientIdIsProvided_ReturnsMealPlan1" time="0.0">
    <skipped/>
  </testcase> <!-- testGetMealPlan_ValidClientIdIsProvided_ReturnsMealPlan1 -->
  <testcase classname="com.fithub.services.mealplan.test.suites.ClientServiceTest" name="testGetMealPlan_ValidClientIdIsProvided_ReturnsMealPlan2" time="0.0">
    <skipped/>
  </testcase> <!-- testGetMealPlan_ValidClientIdIsProvided_ReturnsMealPlan2 -->
</testsuite> <!-- ClientService -->
