<?xml version="1.0" encoding="UTF-8"?>
<!-- Generated by org.testng.reporters.JUnitXMLReporter -->
<testsuite ignored="0" hostname="NEDZLA-LAPTOP" failures="0" tests="2" name="CoachService" time="0.262" errors="0" timestamp="2024-04-03T01:47:27 CEST">
  <testcase classname="com.fithub.services.mealplan.test.suites.CoachServiceTest" name="testGetCoachNameAndLastName_InvalidUserId_ReturnsNotFound" time="0.007"/>
  <testcase classname="com.fithub.services.mealplan.test.suites.CoachServiceTest" name="testGetCoachNameAndLastName_ValidUserIdIsProvided_ReturnsNameAndLastName" time="0.005"/>
</testsuite> <!-- CoachService -->
