<?xml version="1.0" encoding="UTF-8"?>
<!-- Generated by org.testng.reporters.JUnitXMLReporter -->
<testsuite ignored="0" hostname="NEDZLA-LAPTOP" failures="0" tests="2" name="CoachService" time="0.134" errors="0" timestamp="2024-04-04T01:30:20 CEST">
  <testcase classname="com.fithub.services.mealplan.test.suites.CoachServiceTest" name="testGetCoachNameAndLastName_InvalidUserId_ReturnsNotFound" time="0.0">
    <skipped/>
  </testcase> <!-- testGetCoachNameAndLastName_InvalidUserId_ReturnsNotFound -->
  <testcase classname="com.fithub.services.mealplan.test.suites.CoachServiceTest" name="testGetCoachNameAndLastName_ValidUserIdIsProvided_ReturnsNameAndLastName" time="0.0">
    <skipped/>
  </testcase> <!-- testGetCoachNameAndLastName_ValidUserIdIsProvided_ReturnsNameAndLastName -->
</testsuite> <!-- CoachService -->
