<?xml version="1.0" encoding="UTF-8"?>
<!-- Generated by org.testng.reporters.JUnitXMLReporter -->
<testsuite ignored="0" hostname="NEDZLA-LAPTOP" failures="0" tests="1" name="MealPlanService" time="0.293" errors="0" timestamp="2024-04-04T01:30:20 CEST">
  <testcase classname="com.fithub.services.mealplan.test.suites.MealPlanServiceTest" name="testGetDailyMealByDay_ValidMealPlanIdIsProvided_ReturnsMealPlans" time="0.0">
    <skipped/>
  </testcase> <!-- testGetDailyMealByDay_ValidMealPlanIdIsProvided_ReturnsMealPlans -->
</testsuite> <!-- MealPlanService -->
